1499714618459	geckodriver	INFO	Listening on 127.0.0.1:59652
1499714620811	geckodriver::marionette	INFO	Starting browser C:\Program Files (x86)\Mozilla Firefox\firefox.exe with args ["-marionette"]
1499714630770	Marionette	INFO	Listening on port 59658
1499714631334	Marionette	WARN	TLS certificate errors will be ignored for this session
JavaScript warning: https://assets.liverpool.com.mx/assets/js/script_main.js, line 2540: unreachable code after return statement
JavaScript warning: https://assets.liverpool.com.mx/assets/js/script_main.js, line 2596: unreachable code after return statement
JavaScript warning: https://assets.liverpool.com.mx/assets/js/script_main.js, line 2540: unreachable code after return statement
JavaScript warning: https://assets.liverpool.com.mx/assets/js/script_main.js, line 2596: unreachable code after return statement
JavaScript warning: https://assets.liverpool.com.mx/assets/js/componente-product-item/product-item.js, line 76: unreachable code after return statement
JavaScript warning: https://assets.liverpool.com.mx/assets/js/script_main.js, line 2540: unreachable code after return statement
JavaScript warning: https://assets.liverpool.com.mx/assets/js/script_main.js, line 2596: unreachable code after return statement
JavaScript warning: https://assets.liverpool.com.mx/assets/js/componente-product-item/product-item.js, line 76: unreachable code after return statement
JavaScript warning: https://assets.liverpool.com.mx/assets/js/script_main.js, line 2540: unreachable code after return statement
JavaScript warning: https://assets.liverpool.com.mx/assets/js/script_main.js, line 2596: unreachable code after return statement
JavaScript warning: https://assets.liverpool.com.mx/assets/js/componente-product-item/product-item.js, line 76: unreachable code after return statement
JavaScript warning: https://assets.liverpool.com.mx/assets/js/script_main.js, line 2540: unreachable code after return statement
JavaScript warning: https://assets.liverpool.com.mx/assets/js/script_main.js, line 2596: unreachable code after return statement
JavaScript warning: https://assets.liverpool.com.mx/assets/js/componente-product-item/product-item.js, line 76: unreachable code after return statement
JavaScript warning: https://assets.liverpool.com.mx/assets/js/script_main.js, line 2540: unreachable code after return statement
JavaScript warning: https://assets.liverpool.com.mx/assets/js/script_main.js, line 2596: unreachable code after return statement
JavaScript warning: https://assets.liverpool.com.mx/assets/js/script_main.js, line 2540: unreachable code after return statement
JavaScript warning: https://assets.liverpool.com.mx/assets/js/script_main.js, line 2596: unreachable code after return statement
JavaScript warning: https://assets.liverpool.com.mx/assets/js/componente-product-item/product-item.js, line 76: unreachable code after return statement
JavaScript warning: https://assets.liverpool.com.mx/assets/js/script_main.js, line 2540: unreachable code after return statement
JavaScript warning: https://assets.liverpool.com.mx/assets/js/script_main.js, line 2596: unreachable code after return statement
1499714843446	Marionette	INFO	Ceased listening
1499714864704	geckodriver	INFO	Listening on 127.0.0.1:59960
1499714866824	geckodriver::marionette	INFO	Starting browser C:\Program Files (x86)\Mozilla Firefox\firefox.exe with args ["-marionette"]
1499714874236	Marionette	INFO	Listening on port 59967
1499714875007	Marionette	WARN	TLS certificate errors will be ignored for this session
JavaScript warning: https://assets.liverpool.com.mx/assets/js/script_main.js, line 2540: unreachable code after return statement
JavaScript warning: https://assets.liverpool.com.mx/assets/js/script_main.js, line 2596: unreachable code after return statement
JavaScript warning: https://assets.liverpool.com.mx/assets/js/script_main.js, line 2540: unreachable code after return statement
JavaScript warning: https://assets.liverpool.com.mx/assets/js/script_main.js, line 2596: unreachable code after return statement
JavaScript warning: https://assets.liverpool.com.mx/assets/js/componente-product-item/product-item.js, line 76: unreachable code after return statement
JavaScript warning: https://assets.liverpool.com.mx/assets/js/script_main.js, line 2540: unreachable code after return statement
JavaScript warning: https://assets.liverpool.com.mx/assets/js/script_main.js, line 2596: unreachable code after return statement
JavaScript warning: https://assets.liverpool.com.mx/assets/js/componente-product-item/product-item.js, line 76: unreachable code after return statement
JavaScript warning: https://assets.liverpool.com.mx/assets/js/script_main.js, line 2540: unreachable code after return statement
JavaScript warning: https://assets.liverpool.com.mx/assets/js/script_main.js, line 2596: unreachable code after return statement
JavaScript warning: https://assets.liverpool.com.mx/assets/js/componente-product-item/product-item.js, line 76: unreachable code after return statement
1499714966633	geckodriver	INFO	Listening on 127.0.0.1:60124
1499714968730	geckodriver::marionette	INFO	Starting browser C:\Program Files (x86)\Mozilla Firefox\firefox.exe with args ["-marionette"]
1499714975429	Marionette	INFO	Listening on port 60130
1499714976156	Marionette	WARN	TLS certificate errors will be ignored for this session
JavaScript warning: https://assets.liverpool.com.mx/assets/js/script_main.js, line 2540: unreachable code after return statement
JavaScript warning: https://assets.liverpool.com.mx/assets/js/script_main.js, line 2596: unreachable code after return statement
JavaScript warning: https://assets.liverpool.com.mx/assets/js/script_main.js, line 2540: unreachable code after return statement
JavaScript warning: https://assets.liverpool.com.mx/assets/js/script_main.js, line 2596: unreachable code after return statement
JavaScript warning: https://assets.liverpool.com.mx/assets/js/componente-product-item/product-item.js, line 76: unreachable code after return statement
JavaScript warning: https://assets.liverpool.com.mx/assets/js/script_main.js, line 2540: unreachable code after return statement
JavaScript warning: https://assets.liverpool.com.mx/assets/js/script_main.js, line 2596: unreachable code after return statement
JavaScript warning: https://assets.liverpool.com.mx/assets/js/componente-product-item/product-item.js, line 76: unreachable code after return statement
JavaScript warning: https://assets.liverpool.com.mx/assets/js/script_main.js, line 2540: unreachable code after return statement
JavaScript warning: https://assets.liverpool.com.mx/assets/js/script_main.js, line 2596: unreachable code after return statement
JavaScript warning: https://assets.liverpool.com.mx/assets/js/componente-product-item/product-item.js, line 76: unreachable code after return statement
JavaScript warning: https://assets.liverpool.com.mx/assets/js/script_main.js, line 2540: unreachable code after return statement
JavaScript warning: https://assets.liverpool.com.mx/assets/js/script_main.js, line 2596: unreachable code after return statement
JavaScript warning: https://assets.liverpool.com.mx/assets/js/componente-product-item/product-item.js, line 76: unreachable code after return statement
JavaScript warning: https://assets.liverpool.com.mx/assets/js/script_main.js, line 2540: unreachable code after return statement
JavaScript warning: https://assets.liverpool.com.mx/assets/js/script_main.js, line 2596: unreachable code after return statement
JavaScript warning: https://assets.liverpool.com.mx/assets/js/script_main.js, line 2540: unreachable code after return statement
JavaScript warning: https://assets.liverpool.com.mx/assets/js/script_main.js, line 2596: unreachable code after return statement
JavaScript warning: https://assets.liverpool.com.mx/assets/js/componente-product-item/product-item.js, line 76: unreachable code after return statement
1499715107543	Marionette	INFO	Ceased listening
1499715118045	geckodriver	INFO	Listening on 127.0.0.1:60398
1499715120135	geckodriver::marionette	INFO	Starting browser C:\Program Files (x86)\Mozilla Firefox\firefox.exe with args ["-marionette"]
1499715126739	Marionette	INFO	Listening on port 60404
1499715127499	Marionette	WARN	TLS certificate errors will be ignored for this session
JavaScript warning: https://assets.liverpool.com.mx/assets/js/script_main.js, line 2540: unreachable code after return statement
JavaScript warning: https://assets.liverpool.com.mx/assets/js/script_main.js, line 2596: unreachable code after return statement
JavaScript warning: https://assets.liverpool.com.mx/assets/js/script_main.js, line 2540: unreachable code after return statement
JavaScript warning: https://assets.liverpool.com.mx/assets/js/script_main.js, line 2596: unreachable code after return statement
JavaScript warning: https://assets.liverpool.com.mx/assets/js/componente-product-item/product-item.js, line 76: unreachable code after return statement
JavaScript warning: https://assets.liverpool.com.mx/assets/js/script_main.js, line 2540: unreachable code after return statement
JavaScript warning: https://assets.liverpool.com.mx/assets/js/script_main.js, line 2596: unreachable code after return statement
JavaScript warning: https://assets.liverpool.com.mx/assets/js/componente-product-item/product-item.js, line 76: unreachable code after return statement
JavaScript warning: https://assets.liverpool.com.mx/assets/js/script_main.js, line 2540: unreachable code after return statement
JavaScript warning: https://assets.liverpool.com.mx/assets/js/script_main.js, line 2596: unreachable code after return statement
JavaScript warning: https://assets.liverpool.com.mx/assets/js/componente-product-item/product-item.js, line 76: unreachable code after return statement
JavaScript warning: https://assets.liverpool.com.mx/assets/js/script_main.js, line 2540: unreachable code after return statement
JavaScript warning: https://assets.liverpool.com.mx/assets/js/script_main.js, line 2596: unreachable code after return statement
JavaScript warning: https://assets.liverpool.com.mx/assets/js/componente-product-item/product-item.js, line 76: unreachable code after return statement
JavaScript warning: https://assets.liverpool.com.mx/assets/js/script_main.js, line 2540: unreachable code after return statement
JavaScript warning: https://assets.liverpool.com.mx/assets/js/script_main.js, line 2596: unreachable code after return statement
JavaScript warning: https://assets.liverpool.com.mx/assets/js/script_main.js, line 2540: unreachable code after return statement
JavaScript warning: https://assets.liverpool.com.mx/assets/js/script_main.js, line 2596: unreachable code after return statement
JavaScript warning: https://assets.liverpool.com.mx/assets/js/componente-product-item/product-item.js, line 76: unreachable code after return statement
JavaScript warning: https://assets.liverpool.com.mx/assets/js/script_main.js, line 2540: unreachable code after return statement
JavaScript warning: https://assets.liverpool.com.mx/assets/js/script_main.js, line 2596: unreachable code after return statement
JavaScript warning: https://assets.liverpool.com.mx/assets/js/componente-product-item/product-item.js, line 76: unreachable code after return statement
JavaScript warning: https://assets.liverpool.com.mx/assets/js/script_main.js, line 2540: unreachable code after return statement
JavaScript warning: https://assets.liverpool.com.mx/assets/js/script_main.js, line 2596: unreachable code after return statement
JavaScript warning: https://assets.liverpool.com.mx/assets/js/componente-product-item/product-item.js, line 76: unreachable code after return statement
JavaScript warning: https://assets.liverpool.com.mx/assets/js/script_main.js, line 2540: unreachable code after return statement
JavaScript warning: https://assets.liverpool.com.mx/assets/js/script_main.js, line 2596: unreachable code after return statement
JavaScript warning: https://assets.liverpool.com.mx/assets/js/componente-product-item/product-item.js, line 76: unreachable code after return statement
*************************
A coding exception was thrown and uncaught in a Task.

Full message: TypeError: NetworkError when attempting to fetch resource.
Full stack: 
*************************
1499716093798	Marionette	INFO	Ceased listening
0.0.1:60692
1499716082743	geckodriver::marionette	INFO	Starting browser C:\Program Files (x86)\Mozilla Firefox\firefox.exe with args ["-marionette"]
JavaScript error: resource://app/modules/BrowserUsageTelemetry.jsm, line 303: NS_ERROR_FAILURE: Component returned failure code: 0x80004005 (NS_ERROR_FAILURE) [nsIObserverService.removeObserver]
1499716148145	geckodriver	INFO	Listening on 127.0.0.1:60719
1499716150239	geckodriver::marionette	INFO	Starting browser C:\Program Files (x86)\Mozilla Firefox\firefox.exe with args ["-marionette"]
1499716157060	Marionette	INFO	Listening on port 60725
1499716157667	Marionette	WARN	TLS certificate errors will be ignored for this session
1499716191893	Marionette	INFO	Ceased listening
1499716193379	geckodriver	INFO	Listening on 127.0.0.1:60751
1499716195493	geckodriver::marionette	INFO	Starting browser C:\Program Files (x86)\Mozilla Firefox\firefox.exe with args ["-marionette"]
1499716202128	Marionette	INFO	Listening on port 60757
1499716203089	Marionette	WARN	TLS certificate errors will be ignored for this session
JavaScript warning: https://assets.liverpool.com.mx/assets/js/script_main.js, line 2540: unreachable code after return statement
JavaScript warning: https://assets.liverpool.com.mx/assets/js/script_main.js, line 2596: unreachable code after return statement
1499716233770	Marionette	INFO	Ceased listening
0.0.1:60883
1499716234591	geckodriver::marionette	INFO	Starting browser C:\Program Files (x86)\Mozilla Firefox\firefox.exe with args ["-marionette"]
1499716241890	Marionette	INFO	Listening on port 60889
1499716242344	Marionette	WARN	TLS certificate errors will be ignored for this session
JavaScript warning: https://assets.liverpool.com.mx/assets/js/script_main.js, line 2540: unreachable code after return statement
JavaScript warning: https://assets.liverpool.com.mx/assets/js/script_main.js, line 2596: unreachable code after return statement
JavaScript warning: https://assets.liverpool.com.mx/assets/js/script_main.js, line 2540: unreachable code after return statement
JavaScript warning: https://assets.liverpool.com.mx/assets/js/script_main.js, line 2596: unreachable code after return statement
JavaScript warning: https://assets.liverpool.com.mx/assets/js/componente-product-item/product-item.js, line 76: unreachable code after return statement
JavaScript warning: https://assets.liverpool.com.mx/assets/js/script_main.js, line 2540: unreachable code after return statement
JavaScript warning: https://assets.liverpool.com.mx/assets/js/script_main.js, line 2596: unreachable code after return statement
JavaScript warning: https://assets.liverpool.com.mx/assets/js/componente-product-item/product-item.js, line 76: unreachable code after return statement
JavaScript warning: https://assets.liverpool.com.mx/assets/js/script_main.js, line 2540: unreachable code after return statement
JavaScript warning: https://assets.liverpool.com.mx/assets/js/script_main.js, line 2596: unreachable code after return statement
JavaScript warning: https://assets.liverpool.com.mx/assets/js/componente-product-item/product-item.js, line 76: unreachable code after return statement
JavaScript warning: https://assets.liverpool.com.mx/assets/js/script_main.js, line 2540: unreachable code after return statement
JavaScript warning: https://assets.liverpool.com.mx/assets/js/script_main.js, line 2596: unreachable code after return statement
JavaScript warning: https://assets.liverpool.com.mx/assets/js/componente-product-item/product-item.js, line 76: unreachable code after return statement
JavaScript warning: https://assets.liverpool.com.mx/assets/js/script_main.js, line 2540: unreachable code after return statement
JavaScript warning: https://assets.liverpool.com.mx/assets/js/script_main.js, line 2596: unreachable code after return statement
JavaScript warning: https://assets.liverpool.com.mx/assets/js/script_main.js, line 2540: unreachable code after return statement
JavaScript warning: https://assets.liverpool.com.mx/assets/js/script_main.js, line 2596: unreachable code after return statement
JavaScript warning: https://assets.liverpool.com.mx/assets/js/componente-product-item/product-item.js, line 76: unreachable code after return statement
JavaScript warning: https://assets.liverpool.com.mx/assets/js/script_main.js, line 2540: unreachable code after return statement
JavaScript warning: https://assets.liverpool.com.mx/assets/js/script_main.js, line 2596: unreachable code after return statement
JavaScript warning: https://assets.liverpool.com.mx/assets/js/componente-product-item/product-item.js, line 76: unreachable code after return statement
JavaScript warning: https://assets.liverpool.com.mx/assets/js/script_main.js, line 2540: unreachable code after return statement
JavaScript warning: https://assets.liverpool.com.mx/assets/js/script_main.js, line 2596: unreachable code after return statement
JavaScript warning: https://assets.liverpool.com.mx/assets/js/componente-product-item/product-item.js, line 76: unreachable code after return statement
JavaScript warning: https://assets.liverpool.com.mx/assets/js/script_main.js, line 2540: unreachable code after return statement
JavaScript warning: https://assets.liverpool.com.mx/assets/js/script_main.js, line 2596: unreachable code after return statement
JavaScript warning: https://assets.liverpool.com.mx/assets/js/componente-product-item/product-item.js, line 76: unreachable code after return statement
1499716419046	Marionette	INFO	Ceased listening
1499718659015	geckodriver	INFO	Listening on 127.0.0.1:62811
1499718661242	geckodriver::marionette	INFO	Starting browser C:\Program Files (x86)\Mozilla Firefox\firefox.exe with args ["-marionette"]
1499718668893	Marionette	INFO	Listening on port 62817
1499718669588	Marionette	WARN	TLS certificate errors will be ignored for this session
JavaScript warning: https://assets.liverpool.com.mx/assets/js/script_main.js, line 2540: unreachable code after return statement
JavaScript warning: https://assets.liverpool.com.mx/assets/js/script_main.js, line 2596: unreachable code after return statement
JavaScript warning: https://assets.liverpool.com.mx/assets/js/script_main.js, line 2540: unreachable code after return statement
JavaScript warning: https://assets.liverpool.com.mx/assets/js/script_main.js, line 2596: unreachable code after return statement
JavaScript warning: https://assets.liverpool.com.mx/assets/js/componente-product-item/product-item.js, line 76: unreachable code after return statement
JavaScript warning: https://assets.liverpool.com.mx/assets/js/script_main.js, line 2540: unreachable code after return statement
JavaScript warning: https://assets.liverpool.com.mx/assets/js/script_main.js, line 2596: unreachable code after return statement
JavaScript warning: https://assets.liverpool.com.mx/assets/js/componente-product-item/product-item.js, line 76: unreachable code after return statement
JavaScript warning: https://assets.liverpool.com.mx/assets/js/script_main.js, line 2540: unreachable code after return statement
JavaScript warning: https://assets.liverpool.com.mx/assets/js/script_main.js, line 2596: unreachable code after return statement
JavaScript warning: https://assets.liverpool.com.mx/assets/js/componente-product-item/product-item.js, line 76: unreachable code after return statement
JavaScript warning: https://assets.liverpool.com.mx/assets/js/script_main.js, line 2540: unreachable code after return statement
JavaScript warning: https://assets.liverpool.com.mx/assets/js/script_main.js, line 2596: unreachable code after return statement
JavaScript warning: https://assets.liverpool.com.mx/assets/js/componente-product-item/product-item.js, line 76: unreachable code after return statement
JavaScript warning: https://assets.liverpool.com.mx/assets/js/script_main.js, line 2540: unreachable code after return statement
JavaScript warning: https://assets.liverpool.com.mx/assets/js/script_main.js, line 2596: unreachable code after return statement
JavaScript warning: https://assets.liverpool.com.mx/assets/js/script_main.js, line 2540: unreachable code after return statement
JavaScript warning: https://assets.liverpool.com.mx/assets/js/script_main.js, line 2596: unreachable code after return statement
JavaScript warning: https://assets.liverpool.com.mx/assets/js/componente-product-item/product-item.js, line 76: unreachable code after return statement
JavaScript warning: https://assets.liverpool.com.mx/assets/js/script_main.js, line 2540: unreachable code after return statement
JavaScript warning: https://assets.liverpool.com.mx/assets/js/script_main.js, line 2596: unreachable code after return statement
JavaScript warning: https://assets.liverpool.com.mx/assets/js/componente-product-item/product-item.js, line 76: unreachable code after return statement
JavaScript warning: https://assets.liverpool.com.mx/assets/js/script_main.js, line 2540: unreachable code after return statement
JavaScript warning: https://assets.liverpool.com.mx/assets/js/script_main.js, line 2596: unreachable code after return statement
JavaScript warning: https://assets.liverpool.com.mx/assets/js/componente-product-item/product-item.js, line 76: unreachable code after return statement
JavaScript warning: https://assets.liverpool.com.mx/assets/js/script_main.js, line 2540: unreachable code after return statement
JavaScript warning: https://assets.liverpool.com.mx/assets/js/script_main.js, line 2596: unreachable code after return statement
JavaScript warning: https://assets.liverpool.com.mx/assets/js/componente-product-item/product-item.js, line 76: unreachable code after return statement
1499718780395	Marionette	INFO	Ceased listening
1499718781013	geckodriver	INFO	Listening on 127.0.0.1:63051
1499718783113	geckodriver::marionette	INFO	Starting browser C:\Program Files (x86)\Mozilla Firefox\firefox.exe with args ["-marionette"]
1499718790701	Marionette	INFO	Listening on port 63057
1499718791171	Marionette	WARN	TLS certificate errors will be ignored for this session
JavaScript warning: https://assets.liverpool.com.mx/assets/js/script_main.js, line 2540: unreachable code after return statement
JavaScript warning: https://assets.liverpool.com.mx/assets/js/script_main.js, line 2596: unreachable code after return statement
JavaScript warning: https://assets.liverpool.com.mx/assets/js/script_main.js, line 2540: unreachable code after return statement
JavaScript warning: https://assets.liverpool.com.mx/assets/js/script_main.js, line 2596: unreachable code after return statement
JavaScript warning: https://assets.liverpool.com.mx/assets/js/componente-product-item/product-item.js, line 76: unreachable code after return statement
JavaScript warning: https://assets.liverpool.com.mx/assets/js/script_main.js, line 2540: unreachable code after return statement
JavaScript warning: https://assets.liverpool.com.mx/assets/js/script_main.js, line 2596: unreachable code after return statement
JavaScript warning: https://assets.liverpool.com.mx/assets/js/componente-product-item/product-item.js, line 76: unreachable code after return statement
JavaScript warning: https://assets.liverpool.com.mx/assets/js/script_main.js, line 2540: unreachable code after return statement
JavaScript warning: https://assets.liverpool.com.mx/assets/js/script_main.js, line 2596: unreachable code after return statement
JavaScript warning: https://assets.liverpool.com.mx/assets/js/componente-product-item/product-item.js, line 76: unreachable code after return statement
JavaScript warning: https://assets.liverpool.com.mx/assets/js/script_main.js, line 2540: unreachable code after return statement
JavaScript warning: https://assets.liverpool.com.mx/assets/js/script_main.js, line 2596: unreachable code after return statement
JavaScript warning: https://assets.liverpool.com.mx/assets/js/componente-product-item/product-item.js, line 76: unreachable code after return statement
JavaScript warning: https://assets.liverpool.com.mx/assets/js/script_main.js, line 2540: unreachable code after return statement
JavaScript warning: https://assets.liverpool.com.mx/assets/js/script_main.js, line 2596: unreachable code after return statement
JavaScript warning: https://assets.liverpool.com.mx/assets/js/script_main.js, line 2540: unreachable code after return statement
JavaScript warning: https://assets.liverpool.com.mx/assets/js/script_main.js, line 2596: unreachable code after return statement
JavaScript warning: https://assets.liverpool.com.mx/assets/js/componente-product-item/product-item.js, line 76: unreachable code after return statement
JavaScript warning: https://assets.liverpool.com.mx/assets/js/script_main.js, line 2540: unreachable code after return statement
JavaScript warning: https://assets.liverpool.com.mx/assets/js/script_main.js, line 2596: unreachable code after return statement
JavaScript warning: https://assets.liverpool.com.mx/assets/js/componente-product-item/product-item.js, line 76: unreachable code after return statement
JavaScript warning: https://assets.liverpool.com.mx/assets/js/script_main.js, line 2540: unreachable code after return statement
JavaScript warning: https://assets.liverpool.com.mx/assets/js/script_main.js, line 2596: unreachable code after return statement
JavaScript warning: https://assets.liverpool.com.mx/assets/js/componente-product-item/product-item.js, line 76: unreachable code after return statement
JavaScript warning: https://assets.liverpool.com.mx/assets/js/script_main.js, line 2540: unreachable code after return statement
JavaScript warning: https://assets.liverpool.com.mx/assets/js/script_main.js, line 2596: unreachable code after return statement
JavaScript warning: https://assets.liverpool.com.mx/assets/js/componente-product-item/product-item.js, line 76: unreachable code after return statement
1499719716096	geckodriver	INFO	Listening on 127.0.0.1:63314
1499719718190	geckodriver::marionette	INFO	Starting browser C:\Program Files (x86)\Mozilla Firefox\firefox.exe with args ["-marionette"]
1499719724883	Marionette	INFO	Listening on port 63320
1499719725725	Marionette	WARN	TLS certificate errors will be ignored for this session
JavaScript warning: https://assets.liverpool.com.mx/assets/js/script_main.js, line 2540: unreachable code after return statement
JavaScript warning: https://assets.liverpool.com.mx/assets/js/script_main.js, line 2596: unreachable code after return statement
1499719895222	Marionette	INFO	Ceased listening
0.0.1:63471
1499719888569	geckodriver::marionette	INFO	Starting browser C:\Program Files (x86)\Mozilla Firefox\firefox.exe with args ["-marionette"]
1499719896559	Marionette	INFO	Listening on port 63477
1499719897087	Marionette	WARN	TLS certificate errors will be ignored for this session
JavaScript warning: https://assets.liverpool.com.mx/assets/js/script_main.js, line 2540: unreachable code after return statement
JavaScript warning: https://assets.liverpool.com.mx/assets/js/script_main.js, line 2596: unreachable code after return statement
JavaScript warning: https://assets.liverpool.com.mx/assets/js/script_main.js, line 2540: unreachable code after return statement
JavaScript warning: https://assets.liverpool.com.mx/assets/js/script_main.js, line 2596: unreachable code after return statement
JavaScript warning: https://assets.liverpool.com.mx/assets/js/componente-product-item/product-item.js, line 76: unreachable code after return statement
JavaScript warning: https://assets.liverpool.com.mx/assets/js/script_main.js, line 2540: unreachable code after return statement
JavaScript warning: https://assets.liverpool.com.mx/assets/js/script_main.js, line 2596: unreachable code after return statement
JavaScript warning: https://assets.liverpool.com.mx/assets/js/componente-product-item/product-item.js, line 76: unreachable code after return statement
JavaScript warning: https://assets.liverpool.com.mx/assets/js/script_main.js, line 2540: unreachable code after return statement
JavaScript warning: https://assets.liverpool.com.mx/assets/js/script_main.js, line 2596: unreachable code after return statement
JavaScript warning: https://assets.liverpool.com.mx/assets/js/componente-product-item/product-item.js, line 76: unreachable code after return statement
JavaScript warning: https://assets.liverpool.com.mx/assets/js/script_main.js, line 2540: unreachable code after return statement
JavaScript warning: https://assets.liverpool.com.mx/assets/js/script_main.js, line 2596: unreachable code after return statement
JavaScript warning: https://assets.liverpool.com.mx/assets/js/componente-product-item/product-item.js, line 76: unreachable code after return statement
JavaScript warning: https://assets.liverpool.com.mx/assets/js/script_main.js, line 2540: unreachable code after return statement
JavaScript warning: https://assets.liverpool.com.mx/assets/js/script_main.js, line 2596: unreachable code after return statement
JavaScript warning: https://assets.liverpool.com.mx/assets/js/script_main.js, line 2540: unreachable code after return statement
JavaScript warning: https://assets.liverpool.com.mx/assets/js/script_main.js, line 2596: unreachable code after return statement
JavaScript warning: https://assets.liverpool.com.mx/assets/js/componente-product-item/product-item.js, line 76: unreachable code after return statement
JavaScript warning: https://assets.liverpool.com.mx/assets/js/script_main.js, line 2540: unreachable code after return statement
JavaScript warning: https://assets.liverpool.com.mx/assets/js/script_main.js, line 2596: unreachable code after return statement
JavaScript warning: https://assets.liverpool.com.mx/assets/js/componente-product-item/product-item.js, line 76: unreachable code after return statement
JavaScript warning: https://assets.liverpool.com.mx/assets/js/script_main.js, line 2540: unreachable code after return statement
JavaScript warning: https://assets.liverpool.com.mx/assets/js/script_main.js, line 2596: unreachable code after return statement
JavaScript warning: https://assets.liverpool.com.mx/assets/js/componente-product-item/product-item.js, line 76: unreachable code after return statement
JavaScript warning: https://assets.liverpool.com.mx/assets/js/script_main.js, line 2540: unreachable code after return statement
JavaScript warning: https://assets.liverpool.com.mx/assets/js/script_main.js, line 2596: unreachable code after return statement
JavaScript warning: https://assets.liverpool.com.mx/assets/js/componente-product-item/product-item.js, line 76: unreachable code after return statement
1499720279198	geckodriver	INFO	Listening on 127.0.0.1:63718
1499720281316	geckodriver::marionette	INFO	Starting browser C:\Program Files (x86)\Mozilla Firefox\firefox.exe with args ["-marionette"]
1499720288151	Marionette	INFO	Listening on port 63727
1499720288770	Marionette	WARN	TLS certificate errors will be ignored for this session
JavaScript warning: https://assets.liverpool.com.mx/assets/js/script_main.js, line 2540: unreachable code after return statement
JavaScript warning: https://assets.liverpool.com.mx/assets/js/script_main.js, line 2596: unreachable code after return statement
JavaScript warning: https://assets.liverpool.com.mx/assets/js/script_main.js, line 2540: unreachable code after return statement
JavaScript warning: https://assets.liverpool.com.mx/assets/js/script_main.js, line 2596: unreachable code after return statement
JavaScript warning: https://assets.liverpool.com.mx/assets/js/componente-product-item/product-item.js, line 76: unreachable code after return statement
JavaScript warning: https://assets.liverpool.com.mx/assets/js/script_main.js, line 2540: unreachable code after return statement
JavaScript warning: https://assets.liverpool.com.mx/assets/js/script_main.js, line 2596: unreachable code after return statement
JavaScript warning: https://assets.liverpool.com.mx/assets/js/componente-product-item/product-item.js, line 76: unreachable code after return statement
JavaScript warning: https://assets.liverpool.com.mx/assets/js/script_main.js, line 2540: unreachable code after return statement
JavaScript warning: https://assets.liverpool.com.mx/assets/js/script_main.js, line 2596: unreachable code after return statement
JavaScript warning: https://assets.liverpool.com.mx/assets/js/componente-product-item/product-item.js, line 76: unreachable code after return statement
JavaScript warning: https://assets.liverpool.com.mx/assets/js/script_main.js, line 2540: unreachable code after return statement
JavaScript warning: https://assets.liverpool.com.mx/assets/js/script_main.js, line 2596: unreachable code after return statement
JavaScript warning: https://assets.liverpool.com.mx/assets/js/componente-product-item/product-item.js, line 76: unreachable code after return statement
JavaScript warning: https://assets.liverpool.com.mx/assets/js/script_main.js, line 2540: unreachable code after return statement
JavaScript warning: https://assets.liverpool.com.mx/assets/js/script_main.js, line 2596: unreachable code after return statement
JavaScript warning: https://assets.liverpool.com.mx/assets/js/script_main.js, line 2540: unreachable code after return statement
JavaScript warning: https://assets.liverpool.com.mx/assets/js/script_main.js, line 2596: unreachable code after return statement
JavaScript warning: https://assets.liverpool.com.mx/assets/js/componente-product-item/product-item.js, line 76: unreachable code after return statement
JavaScript warning: https://assets.liverpool.com.mx/assets/js/script_main.js, line 2540: unreachable code after return statement
JavaScript warning: https://assets.liverpool.com.mx/assets/js/script_main.js, line 2596: unreachable code after return statement
JavaScript warning: https://assets.liverpool.com.mx/assets/js/componente-product-item/product-item.js, line 76: unreachable code after return statement
JavaScript warning: https://assets.liverpool.com.mx/assets/js/script_main.js, line 2540: unreachable code after return statement
JavaScript warning: https://assets.liverpool.com.mx/assets/js/script_main.js, line 2596: unreachable code after return statement
JavaScript warning: https://assets.liverpool.com.mx/assets/js/componente-product-item/product-item.js, line 76: unreachable code after return statement
JavaScript warning: https://assets.liverpool.com.mx/assets/js/script_main.js, line 2540: unreachable code after return statement
JavaScript warning: https://assets.liverpool.com.mx/assets/js/script_main.js, line 2596: unreachable code after return statement
JavaScript warning: https://assets.liverpool.com.mx/assets/js/componente-product-item/product-item.js, line 76: unreachable code after return statement
